f:\personalproject\github\c\libredwg\build-aux\vs2015\bin\obj\libredwg_win32_debug\vc140.pdb
f:\personalproject\github\c\libredwg\build-aux\vs2015\bin\obj\libredwg_win32_debug\vc140.idb
f:\personalproject\github\c\libredwg\build-aux\vs2015\bin\obj\libredwg_win32_debug\bits.obj
f:\personalproject\github\c\libredwg\build-aux\vs2015\bin\obj\libredwg_win32_debug\common.obj
f:\personalproject\github\c\libredwg\build-aux\vs2015\bin\obj\libredwg_win32_debug\decode_r2007.obj
f:\personalproject\github\c\libredwg\build-aux\vs2015\bin\obj\libredwg_win32_debug\dwg.obj
f:\personalproject\github\c\libredwg\build-aux\vs2015\bin\obj\libredwg_win32_debug\dwg_api.obj
f:\personalproject\github\c\libredwg\build-aux\vs2015\bin\obj\libredwg_win32_debug\free.obj
f:\personalproject\github\c\libredwg\build-aux\vs2015\bin\obj\libredwg_win32_debug\hash.obj
f:\personalproject\github\c\libredwg\build-aux\vs2015\bin\obj\libredwg_win32_debug\in_dxf.obj
f:\personalproject\github\c\libredwg\build-aux\vs2015\bin\obj\libredwg_win32_debug\in_dxfb.obj
f:\personalproject\github\c\libredwg\build-aux\vs2015\bin\obj\libredwg_win32_debug\print.obj
f:\personalproject\github\c\libredwg\build-aux\vs2015\bin\obj\libredwg_win32_debug\reedsolomon.obj
f:\personalproject\github\c\libredwg\build-aux\vs2015\bin\obj\libredwg_win32_debug\out_dxf.obj
f:\personalproject\github\c\libredwg\build-aux\vs2015\bin\obj\libredwg_win32_debug\out_dxfb.obj
f:\personalproject\github\c\libredwg\build-aux\vs2015\bin\obj\libredwg_win32_debug\out_geojson.obj
f:\personalproject\github\c\libredwg\build-aux\vs2015\bin\obj\libredwg_win32_debug\out_json.obj
f:\personalproject\github\c\libredwg\build-aux\vs2015\bin\obj\libredwg_win32_debug\libredwg.tlog\cl.command.1.tlog
f:\personalproject\github\c\libredwg\build-aux\vs2015\bin\obj\libredwg_win32_debug\libredwg.tlog\cl.read.1.tlog
f:\personalproject\github\c\libredwg\build-aux\vs2015\bin\obj\libredwg_win32_debug\libredwg.tlog\cl.write.1.tlog
